<?xml version="1.0" encoding="UTF-8"?>
<!-- Generated by org.testng.reporters.JUnitReportReporter -->
<testsuite hostname="Himanshus-MBP" name="com.treasure.qa.test.UploadPageTest" tests="2" failures="0" timestamp="9 Jun 2021 10:02:19 GMT" time="4.127" errors="0">
  <testcase name="uploadFile" time="2.371" classname="com.treasure.qa.test.UploadPageTest"/>
  <testcase name="deleteFile" time="1.756" classname="com.treasure.qa.test.UploadPageTest"/>
</testsuite> <!-- com.treasure.qa.test.UploadPageTest -->
