<?xml version="1.0" encoding="UTF-8"?>
<!-- Generated by org.testng.reporters.JUnitReportReporter -->
<testsuite hostname="Himanshus-MBP" name="com.treasure.qa.test.UploadPageTest" tests="1" failures="0" timestamp="10 Jun 2021 09:40:56 GMT" time="97731.562" errors="0">
  <testcase name="uploadFile" time="97731.562" classname="com.treasure.qa.test.UploadPageTest"/>
</testsuite> <!-- com.treasure.qa.test.UploadPageTest -->
