<?xml version="1.0" encoding="UTF-8"?>
<!-- Generated by org.testng.reporters.JUnitReportReporter -->
<testsuite hostname="Himanshus-MBP" name="com.treasure.qa.test.LoginPageTest" tests="1" failures="0" timestamp="9 Jun 2021 10:00:43 GMT" time="7.485" errors="0">
  <testcase name="loginWithValidId" time="7.485" classname="com.treasure.qa.test.LoginPageTest"/>
</testsuite> <!-- com.treasure.qa.test.LoginPageTest -->
