<?xml version="1.0" encoding="UTF-8"?>
<!-- Generated by org.testng.reporters.JUnitReportReporter -->
<testsuite hostname="Himanshus-MBP" name="com.treasure.qa.test.UploadPageTest" tests="2" failures="0" timestamp="10 Jun 2021 09:50:47 GMT" time="3.463" errors="0">
  <testcase name="uploadFile" time="1.471" classname="com.treasure.qa.test.UploadPageTest"/>
  <testcase name="downloadFile" time="1.992" classname="com.treasure.qa.test.UploadPageTest"/>
</testsuite> <!-- com.treasure.qa.test.UploadPageTest -->
