<?xml version="1.0" encoding="UTF-8"?>
<!-- Generated by org.testng.reporters.JUnitReportReporter -->
<testsuite hostname="Himanshus-MBP" name="com.treasure.qa.test.HomePageTest" tests="1" failures="0" timestamp="9 Jun 2021 10:01:46 GMT" time="1.715" errors="0">
  <testcase name="logout" time="1.715" classname="com.treasure.qa.test.HomePageTest"/>
</testsuite> <!-- com.treasure.qa.test.HomePageTest -->
